\BOOKMARK [1][-]{section.1}{Introduction}{}% 1
\BOOKMARK [2][-]{subsection.1.1}{Objectives}{section.1}% 2
\BOOKMARK [2][-]{subsection.1.2}{Scope}{section.1}% 3
\BOOKMARK [2][-]{subsection.1.3}{System\040Overview}{section.1}% 4
\BOOKMARK [2][-]{subsection.1.4}{Applicable\040Documents}{section.1}% 5
\BOOKMARK [2][-]{subsection.1.5}{References}{section.1}% 6
\BOOKMARK [2][-]{subsection.1.6}{Document\040Overview}{section.1}% 7
\BOOKMARK [1][-]{section.2}{Test\040Configuration}{}% 8
\BOOKMARK [2][-]{subsection.2.1}{Documents}{section.2}% 9
\BOOKMARK [2][-]{subsection.2.2}{Hardware}{section.2}% 10
\BOOKMARK [2][-]{subsection.2.3}{Input\040Data}{section.2}% 11
\BOOKMARK [1][-]{section.3}{Personnel}{}% 12
\BOOKMARK [1][-]{section.4}{Overview\040of\040the\040Test\040Results}{}% 13
\BOOKMARK [2][-]{subsection.4.1}{Summary\040Table}{section.4}% 14
\BOOKMARK [2][-]{subsection.4.2}{Overall\040Assessment}{section.4}% 15
\BOOKMARK [2][-]{subsection.4.3}{Recommended\040Improvements}{section.4}% 16
\BOOKMARK [3][-]{subsubsection.4.3.1}{Operational}{subsection.4.3}% 17
\BOOKMARK [1][-]{section.5}{Detailed\040Test\040Results}{}% 18
\BOOKMARK [2][-]{subsection.5.1}{RAS-00-00}{section.5}% 19
\BOOKMARK [2][-]{subsection.5.2}{RAS-0010}{section.5}% 20
\BOOKMARK [2][-]{subsection.5.3}{RAS-00-20}{section.5}% 21
\BOOKMARK [2][-]{subsection.5.4}{RAS-00-30}{section.5}% 22
\BOOKMARK [1][-]{section.6}{Deviations\040from\040test\040cases/procedures}{}% 23
\BOOKMARK [2][-]{subsection.6.1}{RAS-00-00}{section.6}% 24
\BOOKMARK [2][-]{subsection.6.2}{RAS-00-10}{section.6}% 25
\BOOKMARK [2][-]{subsection.6.3}{RAS-00-20}{section.6}% 26
\BOOKMARK [2][-]{subsection.6.4}{RAS-00-30}{section.6}% 27
